Evaluating PWM driver: corner=tt, temp=27C
Parameters: {'Wbuf': 4.0, 'Lbuf': 0.15, 'Nstages': 3, 'Tlsb': 5.0, 'Wlogic': 1.0}
  Code  0: pw=None, tr=None, tf=None, pwr=None
  Code  1: pw=4.97847, tr=0.14847310000000002, tf=0.09648561, pwr=1.321134
  Code  2: pw=9.978470999999999, tr=0.14847310000000002, tf=0.09648968000000001, pwr=1.321039
  Code  3: pw=14.978470000000002, tr=0.14847310000000002, tf=0.09649329, pwr=1.320958
  Code  4: pw=19.978469999999998, tr=0.14847310000000002, tf=0.09649637999999999, pwr=1.320912
  Code  5: pw=24.97847, tr=0.14847310000000002, tf=0.09649909, pwr=1.320881
  Code  6: pw=29.97847, tr=0.14847310000000002, tf=0.09650146000000001, pwr=1.32086
  Code  7: pw=34.97847, tr=0.14847310000000002, tf=0.09650356, pwr=1.320847
  Code  8: pw=39.97847, tr=0.14847310000000002, tf=0.09650542000000001, pwr=1.320839
  Code  9: pw=44.97847, tr=0.14847310000000002, tf=0.09650708000000001, pwr=1.320834
  Code 10: pw=49.978469999999994, tr=0.14847310000000002, tf=0.09650856, pwr=1.320831
  Code 11: pw=54.97847, tr=0.14847310000000002, tf=0.09650990000000001, pwr=1.320828
  Code 12: pw=59.978469999999994, tr=0.14847310000000002, tf=0.09651108, pwr=1.320826
  Code 13: pw=64.97847, tr=0.14847310000000002, tf=0.09651214000000001, pwr=1.320823
  Code 14: pw=69.97847, tr=0.14847310000000002, tf=0.09651309, pwr=1.32082
  Code 15: pw=74.97847, tr=0.14847310000000002, tf=0.09651396, pwr=1.320815

--- Results ---
  linearity_pct: 0.026
  t_lsb_ns: 4.998
  rise_time_ns: 0.148
  fall_time_ns: 0.097
  power_uw: 1.321

Cost: 0.0000
Details:
  linearity_pct: 0.026 (target <5) [PASS]
  rise_time_ns: 0.148 (target <0.5) [PASS]
  fall_time_ns: 0.097 (target <0.5) [PASS]
  power_uw: 1.321 (target <20) [PASS]
  t_lsb_ns: 4.998 (target 1-10) [PASS]

Results appended to results.tsv
